1706105926451	geckodriver	INFO	Listening on 127.0.0.1:52202
1706105929569	mozrunner::runner	INFO	Running command: "C:\\Program Files\\Mozilla Firefox\\firefox.exe" "--marionette" "--remote-debugging-port" "52203" "--remote-allow-hosts" "localhost" "-no-remote" "-profile" "C:\\Users\\CODE-P~1\\AppData\\Local\\Temp\\rust_mozprofilenkAy9I"
console.warn: services.settings: Ignoring preference override of remote settings server
console.warn: services.settings: Allow by setting MOZ_REMOTE_SETTINGS_DEVTOOLS=1 in the environment
1706105930336	Marionette	INFO	Marionette enabled
Dynamically enable window occlusion 0
1706105930532	Marionette	INFO	Listening on port 52213
WebDriver BiDi listening on ws://127.0.0.1:52203
Read port: 52213
1706105930745	RemoteAgent	WARN	TLS certificate errors will be ignored for this session
[ERROR glean_core::database] Failed to record metric 'client_id' into glean_client_info: Error { kind: Rkv(IoError(Os { code: 5, kind: PermissionDenied, message: "Acesso negado." })) }
DevTools listening on ws://127.0.0.1:52203/devtools/browser/6a137ec7-0569-4596-8f1d-de4d77a1b62c
JavaScript warning: https://pagead2.googlesyndication.com/bg/IHSjRKKj3q_1Pt3c2sGWHmUCy_Bw5n5yhKh9CWyZSw4.js line 2 > eval line 4210 > eval line 1 > eval line 1 > eval, line 1: WEBGL_debug_renderer_info is deprecated in Firefox and will be removed. Please use RENDERER.
[Child 15836, MediaDecoderStateMachine #1] WARNING: 27c5ac8c680 Could not set cubeb stream name.: file /builds/worker/checkouts/gecko/dom/media/AudioStream.cpp:324
1706105940761	Marionette	INFO	Stopped listening on port 52213
JavaScript warning: https://www.youtube.com/s/player/b31b88f2/player_ias.vflset/pt_BR/base.js, line 10301: Script terminated by timeout at:
g.k.Ne@https://www.youtube.com/s/player/b31b88f2/player_ias.vflset/pt_BR/base.js:10301:117
g.k.Ne@https://www.youtube.com/s/player/b31b88f2/player_ias.vflset/pt_BR/base.js:10378:48
Ibb@https://www.youtube.com/s/player/b31b88f2/player_ias.vflset/pt_BR/base.js:7008:69
g.k.Ne@https://www.youtube.com/s/player/b31b88f2/player_ias.vflset/pt_BR/base.js:12369:61
g.k.Ne@https://www.youtube.com/s/player/b31b88f2/player_ias.vflset/pt_BR/base.js:12520:35
DY@https://www.youtube.com/s/player/b31b88f2/player_ias.vflset/pt_BR/base.js:6995:207
kcb@https://www.youtube.com/s/player/b31b88f2/player_ias.vflset/pt_BR/base.js:7065:68
g.k.getProgressState@https://www.youtube.com/s/player/b31b88f2/player_ias.vflset/pt_BR/base.js:10532:258
HX@https://www.youtube.com/s/player/b31b88f2/player_ias.vflset/pt_BR/base.js:5630:36
g.k.Lc@https://www.youtube.com/s/player/b31b88f2/player_ias.vflset/pt_BR/base.js:11335:21
g.k.Wf@https://www.youtube.com/s/player/b31b88f2/player_ias.vflset/pt_BR/base.js:11466:250
g.k.d4@https://www.youtube.com/s/player/b31b88f2/player_ias.vflset/pt_BR/base.js:11468:24
g.k.n3@https://www.youtube.com/s/player/b31b88f2/player_ias.vflset/pt_BR/base.js:8364:65
window.requestAnimationFrame/<@https://www.youtube.com/s/desktop/c21d783a/jsbin/web-animations-next-lite.min.vflset/web-animations-next-lite.min.js:96:192

JavaScript error: https://www.youtube.com/, line 12: TypeError: can't access dead object
JavaScript error: https://www.youtube.com/, line 12: TypeError: can't access dead object
JavaScript error: https://www.google.com/js/th/jz7nBWcXoC6PzFPxSGBK-EbGk4-kUqTnoXZXIXcr3eQ.js line 2 > eval, line 7519: TypeError: can't access dead object
JavaScript error: https://www.youtube.com/, line 12: TypeError: can't access dead object
JavaScript error: https://www.youtube.com/, line 12: TypeError: can't access dead object
JavaScript error: https://www.youtube.com/s/player/b31b88f2/player_ias.vflset/pt_BR/base.js, line 8139: TypeError: can't access dead object
JavaScript error: https://www.youtube.com/, line 12: TypeError: can't access dead object
JavaScript error: https://www.youtube.com/, line 12: TypeError: can't access dead object
JavaScript error: https://www.youtube.com/s/desktop/c21d783a/jsbin/desktop_polymer.vflset/desktop_polymer.js, line 7580: TypeError: can't access dead object
JavaScript error: https://www.youtube.com/, line 12: TypeError: can't access dead object
JavaScript error: https://www.youtube.com/, line 12: TypeError: can't access dead object
JavaScript error: https://www.youtube.com/, line 12: TypeError: can't access dead object
Dynamically enable window occlusion 1
JavaScript error: https://www.youtube.com/, line 12: TypeError: can't access dead object
JavaScript error: https://www.youtube.com/, line 12: TypeError: can't access dead object
JavaScript error: https://www.youtube.com/, line 12: TypeError: can't access dead object
JavaScript error: https://www.youtube.com/, line 12: TypeError: can't access dead object
JavaScript error: https://www.youtube.com/, line 12: TypeError: can't access dead object
JavaScript error: https://www.youtube.com/, line 12: TypeError: can't access dead object
JavaScript error: https://www.youtube.com/, line 12: TypeError: can't access dead object
JavaScript error: https://www.youtube.com/, line 12: TypeError: can't access dead object
JavaScript error: https://www.youtube.com/, line 12: TypeError: can't access dead object
JavaScript error: https://www.youtube.com/s/player/b31b88f2/player_ias.vflset/pt_BR/base.js, line 8139: TypeError: can't access dead object
JavaScript error: https://www.youtube.com/, line 12: TypeError: can't access dead object
JavaScript error: https://www.youtube.com/, line 12: TypeError: can't access dead object
JavaScript error: , line 0: uncaught exception: Error: PlayerProxy error in method call
JavaScript error: resource://gre/actors/AudioPlaybackChild.sys.mjs, line 17: InvalidStateError: JSWindowActorChild.sendAsyncMessage: JSWindowActorChild cannot send at the moment
