1706039038077	geckodriver	INFO	Listening on 127.0.0.1:59568
1706039041195	mozrunner::runner	INFO	Running command: "C:\\Program Files\\Mozilla Firefox\\firefox.exe" "--marionette" "--remote-debugging-port" "59569" "--remote-allow-hosts" "localhost" "-no-remote" "-profile" "C:\\Users\\CODE-P~1\\AppData\\Local\\Temp\\rust_mozprofileKZulVo"
console.warn: services.settings: Ignoring preference override of remote settings server
console.warn: services.settings: Allow by setting MOZ_REMOTE_SETTINGS_DEVTOOLS=1 in the environment
1706039041879	Marionette	INFO	Marionette enabled
Dynamically enable window occlusion 0
1706039042094	Marionette	INFO	Listening on port 59579
WebDriver BiDi listening on ws://127.0.0.1:59569
Read port: 59579
1706039042310	RemoteAgent	WARN	TLS certificate errors will be ignored for this session
[ERROR glean_core::database] Failed to record metric 'client_id' into glean_client_info: Error { kind: Rkv(IoError(Os { code: 5, kind: PermissionDenied, message: "Acesso negado." })) }
DevTools listening on ws://127.0.0.1:59569/devtools/browser/0fdeb157-0c2e-4d7f-ac0d-fd592ba39388
JavaScript error: https://www.globo.com/, line 398: TypeError: t is undefined
1706039046532	Marionette	WARN	Ignoring event 'DOMContentLoaded' because document has an invalid readyState of 'complete'.
1706039050566	Marionette	INFO	Stopped listening on port 59579
JavaScript warning: https://s3.glbimg.com/v1/AUTH_b002e0039b9f46a5a4a94ff667d31e2d/assets/dist/48edd9d3bfef532f46f220cc99990464.js, line 5: Script terminated by timeout at:
g@https://s3.glbimg.com/v1/AUTH_b002e0039b9f46a5a4a94ff667d31e2d/assets/dist/48edd9d3bfef532f46f220cc99990464.js:5:36571
@https://s3.glbimg.com/v1/AUTH_b002e0039b9f46a5a4a94ff667d31e2d/assets/dist/48edd9d3bfef532f46f220cc99990464.js:5:42507

JavaScript warning: https://s0.2mdn.net/ads/studio/cached_libs/createjs_2019.11.15_min.js, line 12: Script terminated by timeout at:
a._handleTimeout@https://s0.2mdn.net/ads/studio/cached_libs/createjs_2019.11.15_min.js:12:6739

JavaScript warning: https://imasdk.googleapis.com/js/core/bridge3.614.1_pt_br.html#goog_1841676718, line 53: Script terminated by timeout at:
Ta@https://imasdk.googleapis.com/js/core/bridge3.614.1_pt_br.html#goog_1841676718:53:341
Gu.prototype.A@https://imasdk.googleapis.com/js/core/bridge3.614.1_pt_br.html#goog_1841676718:298:661

Dynamically enable window occlusion 1
JavaScript error: , line 0: TypeError: NetworkError when attempting to fetch resource.
