1706105944778	geckodriver	INFO	Listening on 127.0.0.1:52294
1706105947819	mozrunner::runner	INFO	Running command: "C:\\Program Files\\Mozilla Firefox\\firefox.exe" "--marionette" "--remote-debugging-port" "52295" "--remote-allow-hosts" "localhost" "-no-remote" "-profile" "C:\\Users\\CODE-P~1\\AppData\\Local\\Temp\\rust_mozprofileBsZ6Q6"
console.warn: services.settings: Ignoring preference override of remote settings server
console.warn: services.settings: Allow by setting MOZ_REMOTE_SETTINGS_DEVTOOLS=1 in the environment
1706105948286	Marionette	INFO	Marionette enabled
Dynamically enable window occlusion 0
1706105948435	Marionette	INFO	Listening on port 52302
WebDriver BiDi listening on ws://127.0.0.1:52295
Read port: 52302
1706105948614	RemoteAgent	WARN	TLS certificate errors will be ignored for this session
[ERROR glean_core::database] Failed to record metric 'client_id' into glean_client_info: Error { kind: Rkv(IoError(Os { code: 5, kind: PermissionDenied, message: "Acesso negado." })) }
DevTools listening on ws://127.0.0.1:52295/devtools/browser/f28db0ab-6a9e-48bb-895f-d4876714d024
1706105951899	Marionette	INFO	Stopped listening on port 52302
Dynamically enable window occlusion 1
WARNING: A blocker encountered an error while we were waiting.
          Blocker:  CrashMonitor: Writing notifications to file after receiving profile-before-change and awaiting all checkpoints written
          Phase: IOUtils: waiting for profileBeforeChange IO to complete
          State: {"profile-after-change":true,"final-ui-startup":true,"sessionstore-windows-restored":true,"quit-application-granted":true,"quit-application":true,"sessionstore-final-state-write-complete":true,"profile-change-net-teardown":true,"profile-change-teardown":true,"profile-before-change":true}
WARNING: OperationError: Could not move temporary file(C:\Users\CODE-P~1\AppData\Local\Temp\rust_mozprofileBsZ6Q6\sessionCheckpoints.json.tmp) to destination(C:\Users\CODE-P~1\AppData\Local\Temp\rust_mozprofileBsZ6Q6\sessionCheckpoints.json)
WARNING: observe@resource://gre/modules/AsyncShutdown.sys.mjs:573:17

JavaScript error: resource://gre/modules/AsyncShutdown.sys.mjs, line 573: OperationError: Could not move temporary file(C:\Users\CODE-P~1\AppData\Local\Temp\rust_mozprofileBsZ6Q6\sessionCheckpoints.json.tmp) to destination(C:\Users\CODE-P~1\AppData\Local\Temp\rust_mozprofileBsZ6Q6\sessionCheckpoints.json)
